2021-10-27 11:23:04 [127.0.0.1][-][-][error][yii\web\HttpException:404] yii\base\InvalidRouteException: Unable to resolve the request: site/ in /Users/lichen/Documents/www/wenjuan/vendor/yiisoft/yii2/base/Controller.php:128
Stack trace:
#0 /Users/lichen/Documents/www/wenjuan/vendor/yiisoft/yii2/base/Module.php(528): yii\base\Controller->runAction('', Array)
#1 /Users/lichen/Documents/www/wenjuan/vendor/yiisoft/yii2/web/Application.php(103): yii\base\Module->runAction('', Array)
#2 /Users/lichen/Documents/www/wenjuan/vendor/yiisoft/yii2/base/Application.php(386): yii\web\Application->handleRequest(Object(yii\web\Request))
#3 /Users/lichen/Documents/www/wenjuan/api/web/index.php(17): yii\base\Application->run()
#4 {main}

Next yii\web\NotFoundHttpException: 页面未找到。 in /Users/lichen/Documents/www/wenjuan/vendor/yiisoft/yii2/web/Application.php:115
Stack trace:
#0 /Users/lichen/Documents/www/wenjuan/vendor/yiisoft/yii2/base/Application.php(386): yii\web\Application->handleRequest(Object(yii\web\Request))
#1 /Users/lichen/Documents/www/wenjuan/api/web/index.php(17): yii\base\Application->run()
#2 {main}
2021-10-27 11:23:04 [127.0.0.1][-][-][info][application] $_COOKIE = [
    'advanced-backend' => '3cb695c24856e2b1918905ce8931d2db'
    '_csrf-distributor' => 'cb9d145f195897c0d33638b5dd8e18530abf3c73478483c0cf4ec91324e71bbaa:2:{i:0;s:17:\"_csrf-distributor\";i:1;s:32:\"vwJSjNJ58EX-PlC0xWlKju0Xi7SzOxJG\";}'
    'Phpstorm-fe66e39c' => 'be83344d-45e6-4995-8cc8-ceb36ea1a9cc'
    'jueue_advanced-frontend' => '76qur3oeq38elbhrcs65mup6t7'
    '_csrf-substation' => '14c6393c0d75e5ede65a3b34a1956a1109b8d264287e126d03a64ff766872c55a:2:{i:0;s:16:\"_csrf-substation\";i:1;s:32:\"eSJLsrAidnmQ3IcpEUJ0cRpg-8cD1jIa\";}'
    'jueue_advanced-substation' => '8j567lr8vbq5pb13nt988hnqmv'
    'Hm_lvt_28dd08de1585590353bf9f2aba1cf599' => '1632450553'
    'menu' => 'f6330bf9321bc28f876a3cd824915247955d8050497e5f1cf8cc3514c61d995ba:2:{i:0;s:4:\"menu\";i:1;s:4:\"user\";}'
    'Hm_lvt_da1c41ed526d40da989b9907b0575b16' => ''
    'Hm_lpvt_da1c41ed526d40da989b9907b0575b16' => '1633173402'
    '_csrf-backend' => '29544f228abd2caf9d0347c155a0ba5fc8adf8e2c2e857dd3aee0f28ddb580a4a:2:{i:0;s:13:\"_csrf-backend\";i:1;s:32:\"ygNoL1WxrT92Tq8hMOI05bY5uq4JCAMz\";}'
    'Hm_lpvt_28dd08de1585590353bf9f2aba1cf599' => '1633747223'
    '_csrf-frontend' => '1d460011c99720b37567ac9bb03dfb510c4d9e6fa53ce85ad14bbbf905b6fa5ea:2:{i:0;s:14:\"_csrf-frontend\";i:1;s:32:\"D8jkq_TtC_PZYjOCbVe6kr_aXbJU3Zy9\";}'
    'Hm_lvt_43bb9b765f638d19361ba1c58ef318bf' => '1635144453'
    'PHPSESSID' => 'k6gnu6ugdonsa13cfgnlnheq3a'
    '_jueue_identity-frontend' => '6557117b6663930ef7a396ee8e9f6e4bc3a9f71e523ad2bbc461f48014f79808a:2:{i:0;s:24:\"_jueue_identity-frontend\";i:1;s:45:\"[1,\"tVxWPTD5WzDB1Ua-zGdhPJVJtgBFiDPn\",604800]\";}'
    'Hm_lpvt_43bb9b765f638d19361ba1c58ef318bf' => '1635145349'
    '_csrf' => '8627901327d90f077c89531aea189a5a81e8c0fca80786ed0131e91dd23e0da4a:2:{i:0;s:5:\"_csrf\";i:1;s:32:\"zn3b3HOaQTaIqV4BNcHKpQZuHP-Twx_t\";}'
]

$_SERVER = [
    'DOCUMENT_ROOT' => '/Users/lichen/Documents/www/wenjuan/api/web'
    'REMOTE_ADDR' => '127.0.0.1'
    'REMOTE_PORT' => '56794'
    'SERVER_SOFTWARE' => 'PHP 7.4.16 Development Server'
    'SERVER_PROTOCOL' => 'HTTP/1.1'
    'SERVER_NAME' => 'localhost'
    'SERVER_PORT' => '8282'
    'REQUEST_URI' => '/'
    'REQUEST_METHOD' => 'GET'
    'SCRIPT_NAME' => '/index.php'
    'SCRIPT_FILENAME' => '/Users/lichen/Documents/www/wenjuan/api/web/index.php'
    'PHP_SELF' => '/index.php'
    'HTTP_HOST' => 'localhost:8282'
    'HTTP_CONNECTION' => 'keep-alive'
    'HTTP_SEC_CH_UA' => '\"Chromium\";v=\"94\", \"Google Chrome\";v=\"94\", \";Not A Brand\";v=\"99\"'
    'HTTP_SEC_CH_UA_MOBILE' => '?0'
    'HTTP_SEC_CH_UA_PLATFORM' => '\"macOS\"'
    'HTTP_UPGRADE_INSECURE_REQUESTS' => '1'
    'HTTP_USER_AGENT' => 'Mozilla/5.0 (Macintosh; Intel Mac OS X 10_15_7) AppleWebKit/537.36 (KHTML, like Gecko) Chrome/94.0.4606.81 Safari/537.36'
    'HTTP_ACCEPT' => 'text/html,application/xhtml+xml,application/xml;q=0.9,image/avif,image/webp,image/apng,*/*;q=0.8,application/signed-exchange;v=b3;q=0.9'
    'HTTP_SEC_FETCH_SITE' => 'none'
    'HTTP_SEC_FETCH_MODE' => 'navigate'
    'HTTP_SEC_FETCH_USER' => '?1'
    'HTTP_SEC_FETCH_DEST' => 'document'
    'HTTP_ACCEPT_ENCODING' => 'gzip, deflate, br'
    'HTTP_ACCEPT_LANGUAGE' => 'zh-CN,zh;q=0.9'
    'HTTP_COOKIE' => 'advanced-backend=3cb695c24856e2b1918905ce8931d2db; _csrf-distributor=cb9d145f195897c0d33638b5dd8e18530abf3c73478483c0cf4ec91324e71bbaa%3A2%3A%7Bi%3A0%3Bs%3A17%3A%22_csrf-distributor%22%3Bi%3A1%3Bs%3A32%3A%22vwJSjNJ58EX-PlC0xWlKju0Xi7SzOxJG%22%3B%7D; Phpstorm-fe66e39c=be83344d-45e6-4995-8cc8-ceb36ea1a9cc; jueue_advanced-frontend=76qur3oeq38elbhrcs65mup6t7; _csrf-substation=14c6393c0d75e5ede65a3b34a1956a1109b8d264287e126d03a64ff766872c55a%3A2%3A%7Bi%3A0%3Bs%3A16%3A%22_csrf-substation%22%3Bi%3A1%3Bs%3A32%3A%22eSJLsrAidnmQ3IcpEUJ0cRpg-8cD1jIa%22%3B%7D; jueue_advanced-substation=8j567lr8vbq5pb13nt988hnqmv; Hm_lvt_28dd08de1585590353bf9f2aba1cf599=1632450553; menu=f6330bf9321bc28f876a3cd824915247955d8050497e5f1cf8cc3514c61d995ba%3A2%3A%7Bi%3A0%3Bs%3A4%3A%22menu%22%3Bi%3A1%3Bs%3A4%3A%22user%22%3B%7D; Hm_lvt_da1c41ed526d40da989b9907b0575b16=; Hm_lpvt_da1c41ed526d40da989b9907b0575b16=1633173402; _csrf-backend=29544f228abd2caf9d0347c155a0ba5fc8adf8e2c2e857dd3aee0f28ddb580a4a%3A2%3A%7Bi%3A0%3Bs%3A13%3A%22_csrf-backend%22%3Bi%3A1%3Bs%3A32%3A%22ygNoL1WxrT92Tq8hMOI05bY5uq4JCAMz%22%3B%7D; Hm_lpvt_28dd08de1585590353bf9f2aba1cf599=1633747223; _csrf-frontend=1d460011c99720b37567ac9bb03dfb510c4d9e6fa53ce85ad14bbbf905b6fa5ea%3A2%3A%7Bi%3A0%3Bs%3A14%3A%22_csrf-frontend%22%3Bi%3A1%3Bs%3A32%3A%22D8jkq_TtC_PZYjOCbVe6kr_aXbJU3Zy9%22%3B%7D; Hm_lvt_43bb9b765f638d19361ba1c58ef318bf=1635144453; PHPSESSID=k6gnu6ugdonsa13cfgnlnheq3a; _jueue_identity-frontend=6557117b6663930ef7a396ee8e9f6e4bc3a9f71e523ad2bbc461f48014f79808a%3A2%3A%7Bi%3A0%3Bs%3A24%3A%22_jueue_identity-frontend%22%3Bi%3A1%3Bs%3A45%3A%22%5B1%2C%22tVxWPTD5WzDB1Ua-zGdhPJVJtgBFiDPn%22%2C604800%5D%22%3B%7D; Hm_lpvt_43bb9b765f638d19361ba1c58ef318bf=1635145349; _csrf=8627901327d90f077c89531aea189a5a81e8c0fca80786ed0131e91dd23e0da4a%3A2%3A%7Bi%3A0%3Bs%3A5%3A%22_csrf%22%3Bi%3A1%3Bs%3A32%3A%22zn3b3HOaQTaIqV4BNcHKpQZuHP-Twx_t%22%3B%7D'
    'REQUEST_TIME_FLOAT' => 1635304984.0448
    'REQUEST_TIME' => 1635304984
]
2021-10-27 11:29:52 [127.0.0.1][-][-][error][yii\web\HttpException:404] yii\base\InvalidRouteException: Unable to resolve the request "ranking/test". in /Users/lichen/Documents/www/wenjuan/vendor/yiisoft/yii2/base/Module.php:537
Stack trace:
#0 /Users/lichen/Documents/www/wenjuan/vendor/yiisoft/yii2/web/Application.php(103): yii\base\Module->runAction('ranking/test', Array)
#1 /Users/lichen/Documents/www/wenjuan/vendor/yiisoft/yii2/base/Application.php(386): yii\web\Application->handleRequest(Object(yii\web\Request))
#2 /Users/lichen/Documents/www/wenjuan/api/web/index.php(17): yii\base\Application->run()
#3 {main}

Next yii\web\NotFoundHttpException: 页面未找到。 in /Users/lichen/Documents/www/wenjuan/vendor/yiisoft/yii2/web/Application.php:115
Stack trace:
#0 /Users/lichen/Documents/www/wenjuan/vendor/yiisoft/yii2/base/Application.php(386): yii\web\Application->handleRequest(Object(yii\web\Request))
#1 /Users/lichen/Documents/www/wenjuan/api/web/index.php(17): yii\base\Application->run()
#2 {main}
2021-10-27 11:29:52 [127.0.0.1][-][-][info][application] $_COOKIE = [
    'advanced-backend' => '3cb695c24856e2b1918905ce8931d2db'
    '_csrf-distributor' => 'cb9d145f195897c0d33638b5dd8e18530abf3c73478483c0cf4ec91324e71bbaa:2:{i:0;s:17:\"_csrf-distributor\";i:1;s:32:\"vwJSjNJ58EX-PlC0xWlKju0Xi7SzOxJG\";}'
    'Phpstorm-fe66e39c' => 'be83344d-45e6-4995-8cc8-ceb36ea1a9cc'
    'jueue_advanced-frontend' => '76qur3oeq38elbhrcs65mup6t7'
    '_csrf-substation' => '14c6393c0d75e5ede65a3b34a1956a1109b8d264287e126d03a64ff766872c55a:2:{i:0;s:16:\"_csrf-substation\";i:1;s:32:\"eSJLsrAidnmQ3IcpEUJ0cRpg-8cD1jIa\";}'
    'jueue_advanced-substation' => '8j567lr8vbq5pb13nt988hnqmv'
    'Hm_lvt_28dd08de1585590353bf9f2aba1cf599' => '1632450553'
    'menu' => 'f6330bf9321bc28f876a3cd824915247955d8050497e5f1cf8cc3514c61d995ba:2:{i:0;s:4:\"menu\";i:1;s:4:\"user\";}'
    'Hm_lvt_da1c41ed526d40da989b9907b0575b16' => ''
    'Hm_lpvt_da1c41ed526d40da989b9907b0575b16' => '1633173402'
    '_csrf-backend' => '29544f228abd2caf9d0347c155a0ba5fc8adf8e2c2e857dd3aee0f28ddb580a4a:2:{i:0;s:13:\"_csrf-backend\";i:1;s:32:\"ygNoL1WxrT92Tq8hMOI05bY5uq4JCAMz\";}'
    'Hm_lpvt_28dd08de1585590353bf9f2aba1cf599' => '1633747223'
    '_csrf-frontend' => '1d460011c99720b37567ac9bb03dfb510c4d9e6fa53ce85ad14bbbf905b6fa5ea:2:{i:0;s:14:\"_csrf-frontend\";i:1;s:32:\"D8jkq_TtC_PZYjOCbVe6kr_aXbJU3Zy9\";}'
    'Hm_lvt_43bb9b765f638d19361ba1c58ef318bf' => '1635144453'
    'PHPSESSID' => 'k6gnu6ugdonsa13cfgnlnheq3a'
    '_jueue_identity-frontend' => '6557117b6663930ef7a396ee8e9f6e4bc3a9f71e523ad2bbc461f48014f79808a:2:{i:0;s:24:\"_jueue_identity-frontend\";i:1;s:45:\"[1,\"tVxWPTD5WzDB1Ua-zGdhPJVJtgBFiDPn\",604800]\";}'
    'Hm_lpvt_43bb9b765f638d19361ba1c58ef318bf' => '1635145349'
    '_csrf' => '8627901327d90f077c89531aea189a5a81e8c0fca80786ed0131e91dd23e0da4a:2:{i:0;s:5:\"_csrf\";i:1;s:32:\"zn3b3HOaQTaIqV4BNcHKpQZuHP-Twx_t\";}'
]

$_SERVER = [
    'DOCUMENT_ROOT' => '/Users/lichen/Documents/www/wenjuan/api/web'
    'REMOTE_ADDR' => '127.0.0.1'
    'REMOTE_PORT' => '56856'
    'SERVER_SOFTWARE' => 'PHP 7.4.16 Development Server'
    'SERVER_PROTOCOL' => 'HTTP/1.1'
    'SERVER_NAME' => 'localhost'
    'SERVER_PORT' => '8282'
    'REQUEST_URI' => '/ranking/test'
    'REQUEST_METHOD' => 'GET'
    'SCRIPT_NAME' => '/index.php'
    'SCRIPT_FILENAME' => '/Users/lichen/Documents/www/wenjuan/api/web/index.php'
    'PATH_INFO' => '/ranking/test'
    'PHP_SELF' => '/index.php/ranking/test'
    'HTTP_HOST' => 'localhost:8282'
    'HTTP_CONNECTION' => 'keep-alive'
    'HTTP_CACHE_CONTROL' => 'max-age=0'
    'HTTP_SEC_CH_UA' => '\"Chromium\";v=\"94\", \"Google Chrome\";v=\"94\", \";Not A Brand\";v=\"99\"'
    'HTTP_SEC_CH_UA_MOBILE' => '?0'
    'HTTP_SEC_CH_UA_PLATFORM' => '\"macOS\"'
    'HTTP_UPGRADE_INSECURE_REQUESTS' => '1'
    'HTTP_USER_AGENT' => 'Mozilla/5.0 (Macintosh; Intel Mac OS X 10_15_7) AppleWebKit/537.36 (KHTML, like Gecko) Chrome/94.0.4606.81 Safari/537.36'
    'HTTP_ACCEPT' => 'text/html,application/xhtml+xml,application/xml;q=0.9,image/avif,image/webp,image/apng,*/*;q=0.8,application/signed-exchange;v=b3;q=0.9'
    'HTTP_SEC_FETCH_SITE' => 'none'
    'HTTP_SEC_FETCH_MODE' => 'navigate'
    'HTTP_SEC_FETCH_USER' => '?1'
    'HTTP_SEC_FETCH_DEST' => 'document'
    'HTTP_ACCEPT_ENCODING' => 'gzip, deflate, br'
    'HTTP_ACCEPT_LANGUAGE' => 'zh-CN,zh;q=0.9'
    'HTTP_COOKIE' => 'advanced-backend=3cb695c24856e2b1918905ce8931d2db; _csrf-distributor=cb9d145f195897c0d33638b5dd8e18530abf3c73478483c0cf4ec91324e71bbaa%3A2%3A%7Bi%3A0%3Bs%3A17%3A%22_csrf-distributor%22%3Bi%3A1%3Bs%3A32%3A%22vwJSjNJ58EX-PlC0xWlKju0Xi7SzOxJG%22%3B%7D; Phpstorm-fe66e39c=be83344d-45e6-4995-8cc8-ceb36ea1a9cc; jueue_advanced-frontend=76qur3oeq38elbhrcs65mup6t7; _csrf-substation=14c6393c0d75e5ede65a3b34a1956a1109b8d264287e126d03a64ff766872c55a%3A2%3A%7Bi%3A0%3Bs%3A16%3A%22_csrf-substation%22%3Bi%3A1%3Bs%3A32%3A%22eSJLsrAidnmQ3IcpEUJ0cRpg-8cD1jIa%22%3B%7D; jueue_advanced-substation=8j567lr8vbq5pb13nt988hnqmv; Hm_lvt_28dd08de1585590353bf9f2aba1cf599=1632450553; menu=f6330bf9321bc28f876a3cd824915247955d8050497e5f1cf8cc3514c61d995ba%3A2%3A%7Bi%3A0%3Bs%3A4%3A%22menu%22%3Bi%3A1%3Bs%3A4%3A%22user%22%3B%7D; Hm_lvt_da1c41ed526d40da989b9907b0575b16=; Hm_lpvt_da1c41ed526d40da989b9907b0575b16=1633173402; _csrf-backend=29544f228abd2caf9d0347c155a0ba5fc8adf8e2c2e857dd3aee0f28ddb580a4a%3A2%3A%7Bi%3A0%3Bs%3A13%3A%22_csrf-backend%22%3Bi%3A1%3Bs%3A32%3A%22ygNoL1WxrT92Tq8hMOI05bY5uq4JCAMz%22%3B%7D; Hm_lpvt_28dd08de1585590353bf9f2aba1cf599=1633747223; _csrf-frontend=1d460011c99720b37567ac9bb03dfb510c4d9e6fa53ce85ad14bbbf905b6fa5ea%3A2%3A%7Bi%3A0%3Bs%3A14%3A%22_csrf-frontend%22%3Bi%3A1%3Bs%3A32%3A%22D8jkq_TtC_PZYjOCbVe6kr_aXbJU3Zy9%22%3B%7D; Hm_lvt_43bb9b765f638d19361ba1c58ef318bf=1635144453; PHPSESSID=k6gnu6ugdonsa13cfgnlnheq3a; _jueue_identity-frontend=6557117b6663930ef7a396ee8e9f6e4bc3a9f71e523ad2bbc461f48014f79808a%3A2%3A%7Bi%3A0%3Bs%3A24%3A%22_jueue_identity-frontend%22%3Bi%3A1%3Bs%3A45%3A%22%5B1%2C%22tVxWPTD5WzDB1Ua-zGdhPJVJtgBFiDPn%22%2C604800%5D%22%3B%7D; Hm_lpvt_43bb9b765f638d19361ba1c58ef318bf=1635145349; _csrf=8627901327d90f077c89531aea189a5a81e8c0fca80786ed0131e91dd23e0da4a%3A2%3A%7Bi%3A0%3Bs%3A5%3A%22_csrf%22%3Bi%3A1%3Bs%3A32%3A%22zn3b3HOaQTaIqV4BNcHKpQZuHP-Twx_t%22%3B%7D'
    'REQUEST_TIME_FLOAT' => 1635305392.8576
    'REQUEST_TIME' => 1635305392
]
2021-10-27 11:34:30 [127.0.0.1][-][-][error][yii\base\InvalidConfigException] yii\base\InvalidConfigException: The table does not exist: investigation in /Users/lichen/Documents/www/wenjuan/vendor/yiisoft/yii2/db/ActiveRecord.php:349
Stack trace:
#0 /Users/lichen/Documents/www/wenjuan/vendor/yiisoft/yii2/db/ActiveRecord.php(380): yii\db\ActiveRecord::getTableSchema()
#1 /Users/lichen/Documents/www/wenjuan/vendor/yiisoft/yii2/base/Model.php(703): yii\db\ActiveRecord->attributes()
#2 /Users/lichen/Documents/www/wenjuan/api/controllers/InvestigationController.php(53): yii\base\Model->setAttributes(Array, false)
#3 [internal function]: api\controllers\InvestigationController->actionAdd()
#4 /Users/lichen/Documents/www/wenjuan/vendor/yiisoft/yii2/base/InlineAction.php(57): call_user_func_array(Array, Array)
#5 /Users/lichen/Documents/www/wenjuan/vendor/yiisoft/yii2/base/Controller.php(157): yii\base\InlineAction->runWithParams(Array)
#6 /Users/lichen/Documents/www/wenjuan/vendor/yiisoft/yii2/base/Module.php(528): yii\base\Controller->runAction('add', Array)
#7 /Users/lichen/Documents/www/wenjuan/vendor/yiisoft/yii2/web/Application.php(103): yii\base\Module->runAction('investigation/a...', Array)
#8 /Users/lichen/Documents/www/wenjuan/vendor/yiisoft/yii2/base/Application.php(386): yii\web\Application->handleRequest(Object(yii\web\Request))
#9 /Users/lichen/Documents/www/wenjuan/api/web/index.php(17): yii\base\Application->run()
#10 {main}
2021-10-27 11:34:29 [127.0.0.1][-][-][info][application] $_POST = [
    'is_use' => '1'
    'order_frequency' => '1'
    'purchase_order_num' => '1'
    'artificial_num' => '1'
    'is_auto_pay' => '1'
    'is_goods_config' => '1'
    'solve_problem' => '1'
    'other_problem' => '1'
    'error' => '1,2,3'
    'is_continue' => '1'
    'platform' => '1'
    'support' => '1'
    'personal_info' => '1'
]

$_SERVER = [
    'DOCUMENT_ROOT' => '/Users/lichen/Documents/www/wenjuan/api/web'
    'REMOTE_ADDR' => '127.0.0.1'
    'REMOTE_PORT' => '56882'
    'SERVER_SOFTWARE' => 'PHP 7.4.16 Development Server'
    'SERVER_PROTOCOL' => 'HTTP/1.1'
    'SERVER_NAME' => 'localhost'
    'SERVER_PORT' => '8282'
    'REQUEST_URI' => '/investigation/add'
    'REQUEST_METHOD' => 'POST'
    'SCRIPT_NAME' => '/index.php'
    'SCRIPT_FILENAME' => '/Users/lichen/Documents/www/wenjuan/api/web/index.php'
    'PATH_INFO' => '/investigation/add'
    'PHP_SELF' => '/index.php/investigation/add'
    'CONTENT_TYPE' => 'application/x-www-form-urlencoded'
    'HTTP_CONTENT_TYPE' => 'application/x-www-form-urlencoded'
    'HTTP_USER_AGENT' => 'PostmanRuntime/7.28.4'
    'HTTP_ACCEPT' => '*/*'
    'HTTP_CACHE_CONTROL' => 'no-cache'
    'HTTP_POSTMAN_TOKEN' => '21d560c1-ab19-4675-80f2-ea8db5e39b92'
    'HTTP_HOST' => 'localhost:8282'
    'HTTP_ACCEPT_ENCODING' => 'gzip, deflate, br'
    'HTTP_CONNECTION' => 'keep-alive'
    'CONTENT_LENGTH' => '195'
    'HTTP_CONTENT_LENGTH' => '195'
    'REQUEST_TIME_FLOAT' => 1635305669.6992
    'REQUEST_TIME' => 1635305669
]
